{"numFailedTestSuites":0,"numFailedTests":0,"numPassedTestSuites":4,"numPassedTests":20,"numPendingTestSuites":0,"numPendingTests":0,"numRuntimeErrorTestSuites":0,"numTodoTests":0,"numTotalTestSuites":4,"numTotalTests":20,"openHandles":[],"snapshot":{"added":0,"didUpdate":false,"failure":false,"filesAdded":0,"filesRemoved":0,"filesRemovedList":[],"filesUnmatched":0,"filesUpdated":0,"matched":0,"total":0,"unchecked":0,"uncheckedKeysByFile":[],"unmatched":0,"updated":0},"startTime":1785583519449,"success":true,"testResults":[{"assertionResults":[{"ancestorTitles":["HR Portal Automation Framework (isolated)"],"duration":248,"failing":false,"failureDetails":[],"failureMessages":[],"fullName":"HR Portal Automation Framework (isolated) Employee IDs remain sequential and are never recycled","invocations":1,"location":null,"numPassingAsserts":1,"retryReasons":[],"startAt":1785583521719,"status":"passed","title":"Employee IDs remain sequential and are never recycled"},{"ancestorTitles":["HR Portal Automation Framework (isolated)"],"duration":94,"failing":false,"failureDetails":[],"failureMessages":[],"fullName":"HR Portal Automation Framework (isolated) Leave on holiday is rejected","invocations":1,"location":null,"numPassingAsserts":1,"retryReasons":[],"startAt":1785583521967,"status":"passed","title":"Leave on holiday is rejected"},{"ancestorTitles":["HR Portal Automation Framework (isolated)"],"duration":68,"failing":false,"failureDetails":[],"failureMessages":[],"fullName":"HR Portal Automation Framework (isolated) Paid leave is rejected during probation","invocations":1,"location":null,"numPassingAsserts":1,"retryReasons":[],"startAt":1785583522061,"status":"passed","title":"Paid leave is rejected during probation"},{"ancestorTitles":["HR Portal Automation Framework (isolated)"],"duration":2084,"failing":false,"failureDetails":[],"failureMessages":[],"fullName":"HR Portal Automation Framework (isolated) Sandwich leave is calculated correctly","invocations":1,"location":null,"numPassingAsserts":1,"retryReasons":[],"startAt":1785583522129,"status":"passed","title":"Sandwich leave is calculated correctly"},{"ancestorTitles":["HR Portal Automation Framework (isolated)"],"duration":982,"failing":false,"failureDetails":[],"failureMessages":[],"fullName":"HR Portal Automation Framework (isolated) Sales tracking updates month summary correctly","invocations":1,"location":null,"numPassingAsserts":1,"retryReasons":[],"startAt":1785583524214,"status":"passed","title":"Sales tracking updates month summary correctly"},{"ancestorTitles":["HR Portal Automation Framework (isolated)"],"duration":328,"failing":false,"failureDetails":[],"failureMessages":[],"fullName":"HR Portal Automation Framework (isolated) Late policy affects salary calculation with Rs1 strict validation","invocations":1,"location":null,"numPassingAsserts":1,"retryReasons":[],"startAt":1785583525196,"status":"passed","title":"Late policy affects salary calculation with Rs1 strict validation"},{"ancestorTitles":["HR Portal Automation Framework (isolated)"],"duration":2941,"failing":false,"failureDetails":[],"failureMessages":[],"fullName":"HR Portal Automation Framework (isolated) Cascade delete removes employee-linked business records","invocations":1,"location":null,"numPassingAsserts":1,"retryReasons":[],"startAt":1785583525524,"status":"passed","title":"Cascade delete removes employee-linked business records"}],"endTime":1785583528660,"message":"","name":"C:\\Users\\samth\\Desktop\\DD\\HR\\server\\tests\\e2e\\automation.e2e.test.js","startTime":1785583519529,"status":"passed","summary":""},{"assertionResults":[{"ancestorTitles":["Integration/API QA Suite (realistic seeded data)"],"duration":22,"failing":false,"failureDetails":[],"failureMessages":[],"fullName":"Integration/API QA Suite (realistic seeded data) API validation: health and base resources are reachable","invocations":1,"location":null,"numPassingAsserts":4,"retryReasons":[],"startAt":1785583529979,"status":"passed","title":"API validation: health and base resources are reachable"},{"ancestorTitles":["Integration/API QA Suite (realistic seeded data)"],"duration":22,"failing":false,"failureDetails":[],"failureMessages":[],"fullName":"Integration/API QA Suite (realistic seeded data) Payroll validation: preview returns canonical breakup with expected fields","invocations":1,"location":null,"numPassingAsserts":10,"retryReasons":[],"startAt":1785583530001,"status":"passed","title":"Payroll validation: preview returns canonical breakup with expected fields"},{"ancestorTitles":["Integration/API QA Suite (realistic seeded data)"],"duration":713,"failing":false,"failureDetails":[],"failureMessages":[],"fullName":"Integration/API QA Suite (realistic seeded data) Salary slip validation: mark-paid response preserves salaryPeriod + breakup contract","invocations":1,"location":null,"numPassingAsserts":12,"retryReasons":[],"startAt":1785583530023,"status":"passed","title":"Salary slip validation: mark-paid response preserves salaryPeriod + breakup contract"},{"ancestorTitles":["Integration/API QA Suite (realistic seeded data)"],"duration":15,"failing":false,"failureDetails":[],"failureMessages":[],"fullName":"Integration/API QA Suite (realistic seeded data) Attendance validation: monthly summary includes salaryPeriod + late half day projection","invocations":1,"location":null,"numPassingAsserts":6,"retryReasons":[],"startAt":1785583530736,"status":"passed","title":"Attendance validation: monthly summary includes salaryPeriod + late half day projection"},{"ancestorTitles":["Integration/API QA Suite (realistic seeded data)"],"duration":8,"failing":false,"failureDetails":[],"failureMessages":[],"fullName":"Integration/API QA Suite (realistic seeded data) Leave validation: paid leave is blocked during probation","invocations":1,"location":null,"numPassingAsserts":2,"retryReasons":[],"startAt":1785583530751,"status":"passed","title":"Leave validation: paid leave is blocked during probation"},{"ancestorTitles":["Integration/API QA Suite (realistic seeded data)"],"duration":9,"failing":false,"failureDetails":[],"failureMessages":[],"fullName":"Integration/API QA Suite (realistic seeded data) Dashboard validation: KPI source queries are consistent and aggregate-safe","invocations":1,"location":null,"numPassingAsserts":5,"retryReasons":[],"startAt":1785583530759,"status":"passed","title":"Dashboard validation: KPI source queries are consistent and aggregate-safe"},{"ancestorTitles":["Integration/API QA Suite (realistic seeded data)"],"duration":300,"failing":false,"failureDetails":[],"failureMessages":[],"fullName":"Integration/API QA Suite (realistic seeded data) Regression validation: late policy applies salary deduction only, not leave balance mutation","invocations":1,"location":null,"numPassingAsserts":8,"retryReasons":[],"startAt":1785583530768,"status":"passed","title":"Regression validation: late policy applies salary deduction only, not leave balance mutation"},{"ancestorTitles":["Integration/API QA Suite (realistic seeded data)"],"duration":12,"failing":false,"failureDetails":[],"failureMessages":[],"fullName":"Integration/API QA Suite (realistic seeded data) Edge case validation: invalid/unknown payroll preview inputs are guarded","invocations":1,"location":null,"numPassingAsserts":3,"retryReasons":[],"startAt":1785583531068,"status":"passed","title":"Edge case validation: invalid/unknown payroll preview inputs are guarded"}],"endTime":1785583531129,"message":"","name":"C:\\Users\\samth\\Desktop\\DD\\HR\\server\\tests\\integration\\qa.integration.test.js","startTime":1785583528670,"status":"passed","summary":""},{"assertionResults":[{"ancestorTitles":["Unit: salary-cycle-utils"],"duration":1,"failing":false,"failureDetails":[],"failureMessages":[],"fullName":"Unit: salary-cycle-utils first salary month is prorated from hire date to month end","invocations":1,"location":null,"numPassingAsserts":4,"retryReasons":[],"startAt":1785583531178,"status":"passed","title":"first salary month is prorated from hire date to month end"},{"ancestorTitles":["Unit: salary-cycle-utils"],"duration":1,"failing":false,"failureDetails":[],"failureMessages":[],"fullName":"Unit: salary-cycle-utils non-first salary month uses full calendar month","invocations":1,"location":null,"numPassingAsserts":4,"retryReasons":[],"startAt":1785583531179,"status":"passed","title":"non-first salary month uses full calendar month"},{"ancestorTitles":["Unit: salary-cycle-utils"],"duration":0,"failing":false,"failureDetails":[],"failureMessages":[],"fullName":"Unit: salary-cycle-utils invalid month key returns null","invocations":1,"location":null,"numPassingAsserts":1,"retryReasons":[],"startAt":1785583531180,"status":"passed","title":"invalid month key returns null"}],"endTime":1785583531181,"message":"","name":"C:\\Users\\samth\\Desktop\\DD\\HR\\server\\tests\\unit\\salary-cycle-utils.unit.test.js","startTime":1785583531134,"status":"passed","summary":""},{"assertionResults":[{"ancestorTitles":["Unit: payroll salary formula helper"],"duration":1,"failing":false,"failureDetails":[],"failureMessages":[],"fullName":"Unit: payroll salary formula helper calculates deductions and net salary correctly for late + unpaid + incentives","invocations":1,"location":null,"numPassingAsserts":4,"retryReasons":[],"startAt":1785583531227,"status":"passed","title":"calculates deductions and net salary correctly for late + unpaid + incentives"},{"ancestorTitles":["Unit: payroll salary formula helper"],"duration":0,"failing":false,"failureDetails":[],"failureMessages":[],"fullName":"Unit: payroll salary formula helper net salary is floored at zero","invocations":1,"location":null,"numPassingAsserts":1,"retryReasons":[],"startAt":1785583531228,"status":"passed","title":"net salary is floored at zero"}],"endTime":1785583531228,"message":"","name":"C:\\Users\\samth\\Desktop\\DD\\HR\\server\\tests\\unit\\payroll-math.unit.test.js","startTime":1785583531185,"status":"passed","summary":""}],"wasInterrupted":false}
