{"numFailedTestSuites":0,"numFailedTests":0,"numPassedTestSuites":4,"numPassedTests":20,"numPendingTestSuites":0,"numPendingTests":0,"numRuntimeErrorTestSuites":0,"numTodoTests":0,"numTotalTestSuites":4,"numTotalTests":20,"openHandles":[],"snapshot":{"added":0,"didUpdate":false,"failure":false,"filesAdded":0,"filesRemoved":0,"filesRemovedList":[],"filesUnmatched":0,"filesUpdated":0,"matched":0,"total":0,"unchecked":0,"uncheckedKeysByFile":[],"unmatched":0,"updated":0},"startTime":1785585661986,"success":true,"testResults":[{"assertionResults":[{"ancestorTitles":["HR Portal Automation Framework (isolated)"],"duration":231,"failing":false,"failureDetails":[],"failureMessages":[],"fullName":"HR Portal Automation Framework (isolated) Employee IDs remain sequential and are never recycled","invocations":1,"location":null,"numPassingAsserts":1,"retryReasons":[],"startAt":1785585664154,"status":"passed","title":"Employee IDs remain sequential and are never recycled"},{"ancestorTitles":["HR Portal Automation Framework (isolated)"],"duration":121,"failing":false,"failureDetails":[],"failureMessages":[],"fullName":"HR Portal Automation Framework (isolated) Leave on holiday is rejected","invocations":1,"location":null,"numPassingAsserts":1,"retryReasons":[],"startAt":1785585664385,"status":"passed","title":"Leave on holiday is rejected"},{"ancestorTitles":["HR Portal Automation Framework (isolated)"],"duration":76,"failing":false,"failureDetails":[],"failureMessages":[],"fullName":"HR Portal Automation Framework (isolated) Paid leave is rejected during probation","invocations":1,"location":null,"numPassingAsserts":1,"retryReasons":[],"startAt":1785585664506,"status":"passed","title":"Paid leave is rejected during probation"},{"ancestorTitles":["HR Portal Automation Framework (isolated)"],"duration":2697,"failing":false,"failureDetails":[],"failureMessages":[],"fullName":"HR Portal Automation Framework (isolated) Sandwich leave is calculated correctly","invocations":1,"location":null,"numPassingAsserts":1,"retryReasons":[],"startAt":1785585664582,"status":"passed","title":"Sandwich leave is calculated correctly"},{"ancestorTitles":["HR Portal Automation Framework (isolated)"],"duration":832,"failing":false,"failureDetails":[],"failureMessages":[],"fullName":"HR Portal Automation Framework (isolated) Sales tracking updates month summary correctly","invocations":1,"location":null,"numPassingAsserts":1,"retryReasons":[],"startAt":1785585667280,"status":"passed","title":"Sales tracking updates month summary correctly"},{"ancestorTitles":["HR Portal Automation Framework (isolated)"],"duration":221,"failing":false,"failureDetails":[],"failureMessages":[],"fullName":"HR Portal Automation Framework (isolated) Late policy affects salary calculation with Rs1 strict validation","invocations":1,"location":null,"numPassingAsserts":1,"retryReasons":[],"startAt":1785585668112,"status":"passed","title":"Late policy affects salary calculation with Rs1 strict validation"},{"ancestorTitles":["HR Portal Automation Framework (isolated)"],"duration":2916,"failing":false,"failureDetails":[],"failureMessages":[],"fullName":"HR Portal Automation Framework (isolated) Cascade delete removes employee-linked business records","invocations":1,"location":null,"numPassingAsserts":1,"retryReasons":[],"startAt":1785585668333,"status":"passed","title":"Cascade delete removes employee-linked business records"}],"endTime":1785585671368,"message":"","name":"C:\\Users\\samth\\Desktop\\DD\\HR\\server\\tests\\e2e\\automation.e2e.test.js","startTime":1785585662058,"status":"passed","summary":""},{"assertionResults":[{"ancestorTitles":["Integration/API QA Suite (realistic seeded data)"],"duration":35,"failing":false,"failureDetails":[],"failureMessages":[],"fullName":"Integration/API QA Suite (realistic seeded data) API validation: health and base resources are reachable","invocations":1,"location":null,"numPassingAsserts":4,"retryReasons":[],"startAt":1785585672854,"status":"passed","title":"API validation: health and base resources are reachable"},{"ancestorTitles":["Integration/API QA Suite (realistic seeded data)"],"duration":41,"failing":false,"failureDetails":[],"failureMessages":[],"fullName":"Integration/API QA Suite (realistic seeded data) Payroll validation: preview returns canonical breakup with expected fields","invocations":1,"location":null,"numPassingAsserts":10,"retryReasons":[],"startAt":1785585672889,"status":"passed","title":"Payroll validation: preview returns canonical breakup with expected fields"},{"ancestorTitles":["Integration/API QA Suite (realistic seeded data)"],"duration":923,"failing":false,"failureDetails":[],"failureMessages":[],"fullName":"Integration/API QA Suite (realistic seeded data) Salary slip validation: mark-paid response preserves salaryPeriod + breakup contract","invocations":1,"location":null,"numPassingAsserts":12,"retryReasons":[],"startAt":1785585672930,"status":"passed","title":"Salary slip validation: mark-paid response preserves salaryPeriod + breakup contract"},{"ancestorTitles":["Integration/API QA Suite (realistic seeded data)"],"duration":15,"failing":false,"failureDetails":[],"failureMessages":[],"fullName":"Integration/API QA Suite (realistic seeded data) Attendance validation: monthly summary includes salaryPeriod + late half day projection","invocations":1,"location":null,"numPassingAsserts":6,"retryReasons":[],"startAt":1785585673853,"status":"passed","title":"Attendance validation: monthly summary includes salaryPeriod + late half day projection"},{"ancestorTitles":["Integration/API QA Suite (realistic seeded data)"],"duration":6,"failing":false,"failureDetails":[],"failureMessages":[],"fullName":"Integration/API QA Suite (realistic seeded data) Leave validation: paid leave is blocked during probation","invocations":1,"location":null,"numPassingAsserts":2,"retryReasons":[],"startAt":1785585673868,"status":"passed","title":"Leave validation: paid leave is blocked during probation"},{"ancestorTitles":["Integration/API QA Suite (realistic seeded data)"],"duration":18,"failing":false,"failureDetails":[],"failureMessages":[],"fullName":"Integration/API QA Suite (realistic seeded data) Dashboard validation: KPI source queries are consistent and aggregate-safe","invocations":1,"location":null,"numPassingAsserts":5,"retryReasons":[],"startAt":1785585673874,"status":"passed","title":"Dashboard validation: KPI source queries are consistent and aggregate-safe"},{"ancestorTitles":["Integration/API QA Suite (realistic seeded data)"],"duration":296,"failing":false,"failureDetails":[],"failureMessages":[],"fullName":"Integration/API QA Suite (realistic seeded data) Regression validation: late policy applies salary deduction only, not leave balance mutation","invocations":1,"location":null,"numPassingAsserts":8,"retryReasons":[],"startAt":1785585673892,"status":"passed","title":"Regression validation: late policy applies salary deduction only, not leave balance mutation"},{"ancestorTitles":["Integration/API QA Suite (realistic seeded data)"],"duration":11,"failing":false,"failureDetails":[],"failureMessages":[],"fullName":"Integration/API QA Suite (realistic seeded data) Edge case validation: invalid/unknown payroll preview inputs are guarded","invocations":1,"location":null,"numPassingAsserts":3,"retryReasons":[],"startAt":1785585674188,"status":"passed","title":"Edge case validation: invalid/unknown payroll preview inputs are guarded"}],"endTime":1785585674250,"message":"","name":"C:\\Users\\samth\\Desktop\\DD\\HR\\server\\tests\\integration\\qa.integration.test.js","startTime":1785585671386,"status":"passed","summary":""},{"assertionResults":[{"ancestorTitles":["Unit: payroll salary formula helper"],"duration":1,"failing":false,"failureDetails":[],"failureMessages":[],"fullName":"Unit: payroll salary formula helper calculates deductions and net salary correctly for late + unpaid + incentives","invocations":1,"location":null,"numPassingAsserts":4,"retryReasons":[],"startAt":1785585674296,"status":"passed","title":"calculates deductions and net salary correctly for late + unpaid + incentives"},{"ancestorTitles":["Unit: payroll salary formula helper"],"duration":0,"failing":false,"failureDetails":[],"failureMessages":[],"fullName":"Unit: payroll salary formula helper net salary is floored at zero","invocations":1,"location":null,"numPassingAsserts":1,"retryReasons":[],"startAt":1785585674297,"status":"passed","title":"net salary is floored at zero"}],"endTime":1785585674297,"message":"","name":"C:\\Users\\samth\\Desktop\\DD\\HR\\server\\tests\\unit\\payroll-math.unit.test.js","startTime":1785585674257,"status":"passed","summary":""},{"assertionResults":[{"ancestorTitles":["Unit: salary-cycle-utils"],"duration":0,"failing":false,"failureDetails":[],"failureMessages":[],"fullName":"Unit: salary-cycle-utils first salary month is prorated from hire date to month end","invocations":1,"location":null,"numPassingAsserts":4,"retryReasons":[],"startAt":1785585674343,"status":"passed","title":"first salary month is prorated from hire date to month end"},{"ancestorTitles":["Unit: salary-cycle-utils"],"duration":1,"failing":false,"failureDetails":[],"failureMessages":[],"fullName":"Unit: salary-cycle-utils non-first salary month uses full calendar month","invocations":1,"location":null,"numPassingAsserts":4,"retryReasons":[],"startAt":1785585674343,"status":"passed","title":"non-first salary month uses full calendar month"},{"ancestorTitles":["Unit: salary-cycle-utils"],"duration":0,"failing":false,"failureDetails":[],"failureMessages":[],"fullName":"Unit: salary-cycle-utils invalid month key returns null","invocations":1,"location":null,"numPassingAsserts":1,"retryReasons":[],"startAt":1785585674344,"status":"passed","title":"invalid month key returns null"}],"endTime":1785585674344,"message":"","name":"C:\\Users\\samth\\Desktop\\DD\\HR\\server\\tests\\unit\\salary-cycle-utils.unit.test.js","startTime":1785585674303,"status":"passed","summary":""}],"wasInterrupted":false}
